<?xml version="1.0" encoding="UTF-8"?>
<!-- Generated by org.testng.reporters.JUnitReportReporter -->
<testsuite hostname="DESKTOP-BMCJ1U9" failures="0" tests="2" name="Luma_Project.Logout_Functionality" time="10.905" errors="0" timestamp="2024-07-08T15:18:23 IST" skipped="0">
  <testcase classname="Luma_Project.Logout_Functionality" name="login" time="6.587"/>
  <testcase classname="Luma_Project.Logout_Functionality" name="logout" time="4.318"/>
</testsuite> <!-- Luma_Project.Logout_Functionality -->
