<?xml version="1.0" encoding="UTF-8"?>
<!-- Generated by org.testng.reporters.JUnitReportReporter -->
<testsuite hostname="DESKTOP-BMCJ1U9" failures="0" tests="4" name="Luma_Project.Select_shipmentAddres" time="32.221" errors="0" timestamp="2024-07-08T19:18:28 IST" skipped="0">
  <testcase classname="Luma_Project.Select_shipmentAddres" name="Shipping_method" time="5.885"/>
  <testcase classname="Luma_Project.Select_shipmentAddres" name="Add_toCart" time="13.233"/>
  <testcase classname="Luma_Project.Select_shipmentAddres" name="Select_shipmentaddress" time="0.126"/>
  <testcase classname="Luma_Project.Select_shipmentAddres" name="Proceed_To_Checkout" time="12.977"/>
</testsuite> <!-- Luma_Project.Select_shipmentAddres -->
