<?xml version="1.0" encoding="UTF-8"?>
<!-- Generated by org.testng.reporters.JUnitReportReporter -->
<testsuite hostname="DESKTOP-BMCJ1U9" failures="0" tests="2" name="Luma_Project.Update_Cart" time="32.520" errors="0" timestamp="2024-07-08T20:10:05 IST" skipped="0">
  <testcase classname="Luma_Project.Update_Cart" name="Item_selection" time="15.180"/>
  <testcase classname="Luma_Project.Update_Cart" name="UpdateCart" time="17.340"/>
</testsuite> <!-- Luma_Project.Update_Cart -->
