<?xml version="1.0" encoding="UTF-8"?>
<!-- Generated by org.testng.reporters.JUnitReportReporter -->
<testsuite hostname="DESKTOP-BMCJ1U9" failures="0" tests="6" name="Luma_Project.Verifying_Place_Order_case" time="34.456" errors="0" timestamp="2024-07-08T19:54:46 IST" skipped="0">
  <testcase classname="Luma_Project.Verifying_Place_Order_case" name="Add_toCart" time="11.641"/>
  <testcase classname="Luma_Project.Verifying_Place_Order_case" name="Proceed_To_Checkout" time="8.988"/>
  <testcase classname="Luma_Project.Verifying_Place_Order_case" name="Select_shipmentaddress" time="0.117"/>
  <testcase classname="Luma_Project.Verifying_Place_Order_case" name="Shipping_method" time="1.084"/>
  <testcase classname="Luma_Project.Verifying_Place_Order_case" name="placing_order" time="8.842"/>
  <testcase classname="Luma_Project.Verifying_Place_Order_case" name="To_see_orders" time="3.784"/>
</testsuite> <!-- Luma_Project.Verifying_Place_Order_case -->
