<?xml version="1.0" encoding="UTF-8"?>
<!-- Generated by org.testng.reporters.JUnitReportReporter -->
<testsuite hostname="DESKTOP-BMCJ1U9" failures="0" tests="2" name="Luma_Project.Delete_Address_inAddressBook" time="11.191" errors="0" timestamp="2024-07-08T13:37:11 IST" skipped="0">
  <testcase classname="Luma_Project.Delete_Address_inAddressBook" name="Address_Book" time="6.132"/>
  <testcase classname="Luma_Project.Delete_Address_inAddressBook" name="Delete_address" time="5.059"/>
</testsuite> <!-- Luma_Project.Delete_Address_inAddressBook -->
