<?xml version="1.0" encoding="UTF-8"?>
<!-- Generated by org.testng.reporters.JUnitReportReporter -->
<testsuite hostname="DESKTOP-BMCJ1U9" failures="0" tests="3" name="Luma_Project.Add_To_Cart" time="12.834" errors="0" timestamp="2024-07-06T17:25:21 IST" skipped="0">
  <testcase classname="Luma_Project.Add_To_Cart" name="Product_AddtoCart" time="0.163"/>
  <testcase classname="Luma_Project.Add_To_Cart" name="ProductSelection" time="7.309"/>
  <testcase classname="Luma_Project.Add_To_Cart" name="login" time="5.362"/>
</testsuite> <!-- Luma_Project.Add_To_Cart -->
