<?xml version="1.0" encoding="UTF-8"?>
<!-- Generated by org.testng.reporters.JUnitReportReporter -->
<testsuite hostname="DESKTOP-BMCJ1U9" failures="0" tests="1" name="Luma_Project.Delete_From_Cart" time="18.677" errors="0" timestamp="2024-07-06T17:35:05 IST" skipped="0">
  <testcase classname="Luma_Project.Delete_From_Cart" name="Delete_items_in_Cart" time="18.677"/>
</testsuite> <!-- Luma_Project.Delete_From_Cart -->
