<?xml version="1.0" encoding="UTF-8"?>
<!-- Generated by org.testng.reporters.JUnitReportReporter -->
<testsuite hostname="DESKTOP-BMCJ1U9" failures="0" tests="2" name="Luma_Project.Edit_Addressin_AddressBook" time="7.703" errors="0" timestamp="2024-07-08T14:51:55 IST" skipped="0">
  <testcase classname="Luma_Project.Edit_Addressin_AddressBook" name="Address_Book" time="6.216"/>
  <testcase classname="Luma_Project.Edit_Addressin_AddressBook" name="edit_address" time="1.487"/>
</testsuite> <!-- Luma_Project.Edit_Addressin_AddressBook -->
