<?xml version="1.0" encoding="UTF-8"?>
<!-- Generated by org.testng.reporters.JUnitReportReporter -->
<testsuite hostname="DESKTOP-BMCJ1U9" failures="0" tests="1" name="Luma_Project.Login_validation_UsingMultiple_Inputs" time="65.260" errors="0" timestamp="2024-07-06T16:49:17 IST" skipped="0">
  <testcase classname="Luma_Project.Login_validation_UsingMultiple_Inputs" name="Validation" time="65.260"/>
</testsuite> <!-- Luma_Project.Login_validation_UsingMultiple_Inputs -->
