<?xml version="1.0" encoding="UTF-8"?>
<!-- Generated by org.testng.reporters.JUnitReportReporter -->
<testsuite hostname="DESKTOP-BMCJ1U9" failures="0" tests="5" name="Luma_Project.Saving_New_Address" time="16.704" errors="0" timestamp="2024-07-08T14:41:06 IST" skipped="0">
  <testcase classname="Luma_Project.Saving_New_Address" name="login" time="6.427"/>
  <testcase classname="Luma_Project.Saving_New_Address" name="click_AddressBook" time="2.834"/>
  <testcase classname="Luma_Project.Saving_New_Address" name="Newaddress_btn" time="4.807"/>
  <testcase classname="Luma_Project.Saving_New_Address" name="add_address" time="0.566"/>
  <testcase classname="Luma_Project.Saving_New_Address" name="save_Address" time="2.070"/>
</testsuite> <!-- Luma_Project.Saving_New_Address -->
