<?xml version="1.0" encoding="UTF-8"?>
<!-- Generated by org.testng.reporters.JUnitReportReporter -->
<testsuite hostname="DESKTOP-BMCJ1U9" failures="0" tests="1" name="Luma_Project.Add_Address" time="6.540" errors="0" timestamp="2024-07-08T14:04:50 IST" skipped="0">
  <testcase classname="Luma_Project.Add_Address" name="Address_Book" time="6.540"/>
</testsuite> <!-- Luma_Project.Add_Address -->
