<?xml version="1.0" encoding="UTF-8"?>
<!-- Generated by org.testng.reporters.JUnitReportReporter -->
<testsuite hostname="DESKTOP-BMCJ1U9" failures="0" tests="2" name="Assignment.TestNG" time="6.833" errors="0" timestamp="2024-07-04T16:36:11 IST" skipped="0">
  <testcase classname="Assignment.TestNG" name="passdata" time="2.853"/>
  <testcase classname="Assignment.TestNG" name="passdata" time="3.980"/>
</testsuite> <!-- Assignment.TestNG -->
