<?xml version="1.0" encoding="UTF-8"?>
<!-- Generated by org.testng.reporters.JUnitReportReporter -->
<testsuite hostname="DESKTOP-BMCJ1U9" failures="0" tests="2" name="Assignment.TestNG" time="8.209" errors="0" timestamp="2024-07-04T14:53:05 IST" skipped="0">
  <testcase classname="Assignment.TestNG" name="passdata" time="3.422"/>
  <testcase classname="Assignment.TestNG" name="passdata" time="4.787"/>
</testsuite> <!-- Assignment.TestNG -->
