<?xml version="1.0" encoding="UTF-8"?>
<!-- Generated by org.testng.reporters.JUnitReportReporter -->
<testsuite hostname="DESKTOP-BMCJ1U9" failures="0" tests="4" name="Luma_Project.Add_New_Address" time="15.856" errors="0" timestamp="2024-07-07T16:31:09 IST" skipped="0">
  <testcase classname="Luma_Project.Add_New_Address" name="login" time="6.738"/>
  <testcase classname="Luma_Project.Add_New_Address" name="click_AddressBook" time="2.983"/>
  <testcase classname="Luma_Project.Add_New_Address" name="Newaddress_btn" time="4.944"/>
  <testcase classname="Luma_Project.Add_New_Address" name="add_address" time="1.191"/>
</testsuite> <!-- Luma_Project.Add_New_Address -->
