<?xml version="1.0" encoding="UTF-8"?>
<!-- Generated by org.testng.reporters.JUnitReportReporter -->
<testsuite hostname="DESKTOP-BMCJ1U9" failures="0" tests="1" name="LoginFunctionalityValidationOfLuma.MasterClass" time="130.381" errors="0" timestamp="2024-07-07T17:42:36 IST" skipped="0">
  <testcase classname="LoginFunctionalityValidationOfLuma.MasterClass" name="Luma_login_logout_functionality" time="130.381"/>
</testsuite> <!-- LoginFunctionalityValidationOfLuma.MasterClass -->
